<?xml version="1.0" encoding="UTF-8"?>
<testsuite name="org.scoula.board.controller.BoardControllerTest" tests="1" skipped="0" failures="0" errors="0" timestamp="2024-08-12T00:43:25" hostname="DESKTOP-DEJV3LS" time="0.262">
  <properties/>
  <testcase name="delete()" classname="org.scoula.board.controller.BoardControllerTest" time="0.262"/>
  <system-out><![CDATA[INFO : org.springframework.test.context.web.WebTestContextBootstrapper - Loaded default TestExecutionListener class names from location [META-INF/spring.factories]: [org.springframework.test.context.web.ServletTestExecutionListener, org.springframework.test.context.support.DirtiesContextBeforeModesTestExecutionListener, org.springframework.test.context.event.ApplicationEventsTestExecutionListener, org.springframework.test.context.support.DependencyInjectionTestExecutionListener, org.springframework.test.context.support.DirtiesContextTestExecutionListener, org.springframework.test.context.transaction.TransactionalTestExecutionListener, org.springframework.test.context.jdbc.SqlScriptsTestExecutionListener, org.springframework.test.context.event.EventPublishingTestExecutionListener]
INFO : org.springframework.test.context.web.WebTestContextBootstrapper - Using TestExecutionListeners: [org.springframework.test.context.web.ServletTestExecutionListener@58fe0499, org.springframework.test.context.support.DirtiesContextBeforeModesTestExecutionListener@686449f9, org.springframework.test.context.event.ApplicationEventsTestExecutionListener@665df3c6, org.springframework.test.context.support.DependencyInjectionTestExecutionListener@68b6f0d6, org.springframework.test.context.support.DirtiesContextTestExecutionListener@4044fb95, org.springframework.test.context.transaction.TransactionalTestExecutionListener@aa549e5, org.springframework.test.context.jdbc.SqlScriptsTestExecutionListener@36f48b4, org.springframework.test.context.event.EventPublishingTestExecutionListener@5c00384f]
INFO : com.zaxxer.hikari.HikariDataSource - HikariPool-1 - Starting...
INFO : jdbc.connection - 1. Connection opened
INFO : jdbc.audit - 1. Connection.new Connection returned 
INFO : com.zaxxer.hikari.pool.PoolBase - HikariPool-1 - Driver does not support get/set network timeout for connections. (Receiver class net.sf.log4jdbc.sql.jdbcapi.ConnectionSpy does not define or inherit an implementation of the resolved method 'abstract int getNetworkTimeout()' of interface java.sql.Connection.)
INFO : jdbc.audit - 1. Connection.setReadOnly(false) returned 
INFO : jdbc.audit - 1. Connection.setAutoCommit(true) returned 
INFO : jdbc.audit - 1. Connection.isValid(1) returned true
INFO : jdbc.audit - 1. Connection.getTransactionIsolation() returned 4
INFO : com.zaxxer.hikari.HikariDataSource - HikariPool-1 - Start completed.
INFO : jdbc.connection - 2. Connection opened
INFO : jdbc.audit - 2. Connection.new Connection returned 
INFO : jdbc.audit - 2. Connection.setReadOnly(false) returned 
INFO : jdbc.audit - 2. Connection.setAutoCommit(true) returned 
INFO : jdbc.connection - 3. Connection opened
INFO : jdbc.audit - 3. Connection.new Connection returned 
INFO : jdbc.audit - 3. Connection.setReadOnly(false) returned 
INFO : jdbc.audit - 3. Connection.setAutoCommit(true) returned 
INFO : jdbc.connection - 4. Connection opened
INFO : jdbc.audit - 4. Connection.new Connection returned 
INFO : jdbc.audit - 4. Connection.setReadOnly(false) returned 
INFO : jdbc.audit - 4. Connection.setAutoCommit(true) returned 
INFO : jdbc.connection - 5. Connection opened
INFO : jdbc.audit - 5. Connection.new Connection returned 
INFO : jdbc.audit - 5. Connection.setReadOnly(false) returned 
INFO : jdbc.audit - 5. Connection.setAutoCommit(true) returned 
INFO : jdbc.connection - 6. Connection opened
INFO : jdbc.audit - 6. Connection.new Connection returned 
INFO : jdbc.audit - 6. Connection.setReadOnly(false) returned 
INFO : jdbc.audit - 6. Connection.setAutoCommit(true) returned 
INFO : jdbc.connection - 7. Connection opened
INFO : jdbc.audit - 7. Connection.new Connection returned 
INFO : jdbc.audit - 7. Connection.setReadOnly(false) returned 
INFO : jdbc.audit - 7. Connection.setAutoCommit(true) returned 
INFO : jdbc.connection - 8. Connection opened
INFO : jdbc.audit - 8. Connection.new Connection returned 
INFO : jdbc.audit - 8. Connection.setReadOnly(false) returned 
INFO : jdbc.audit - 8. Connection.setAutoCommit(true) returned 
INFO : jdbc.connection - 9. Connection opened
INFO : jdbc.audit - 9. Connection.new Connection returned 
INFO : jdbc.audit - 9. Connection.setReadOnly(false) returned 
INFO : jdbc.audit - 9. Connection.setAutoCommit(true) returned 
INFO : jdbc.connection - 10. Connection opened
INFO : jdbc.audit - 10. Connection.new Connection returned 
INFO : jdbc.audit - 10. Connection.setReadOnly(false) returned 
INFO : jdbc.audit - 10. Connection.setAutoCommit(true) returned 
INFO : org.springframework.mock.web.MockServletContext - Initializing Spring TestDispatcherServlet ''
INFO : org.springframework.test.web.servlet.TestDispatcherServlet - Initializing Servlet ''
INFO : org.springframework.test.web.servlet.TestDispatcherServlet - Completed initialization in 0 ms
INFO : org.scoula.board.controller.BoardController - delete...25
INFO : org.scoula.board.service.BoardServiceImpl - delete....25
INFO : jdbc.audit - 1. Connection.isValid(5) returned true
INFO : jdbc.audit - 1. Connection.getAutoCommit() returned true
INFO : jdbc.audit - 1. PreparedStatement.new PreparedStatement returned 
INFO : jdbc.audit - 1. Connection.prepareStatement(delete from tbl_board where no = ?) returned net.sf.log4jdbc.sql.jdbcapi.PreparedStatementSpy@33f2cfda
INFO : jdbc.audit - 1. PreparedStatement.setLong(1, 25) returned 
INFO : jdbc.sqlonly - delete from tbl_board where no = 25 

INFO : jdbc.sqltiming - delete from tbl_board where no = 25 
 {executed in 31 msec}
INFO : jdbc.audit - 1. PreparedStatement.execute() returned false
INFO : jdbc.audit - 1. PreparedStatement.getUpdateCount() returned 0
INFO : jdbc.audit - 1. PreparedStatement.isClosed() returned false
INFO : jdbc.audit - 1. PreparedStatement.close() returned 
INFO : jdbc.audit - 1. Connection.clearWarnings() returned 
INFO : org.scoula.board.controller.BoardControllerTest - redirect:/board/list
]]></system-out>
  <system-err><![CDATA[]]></system-err>
</testsuite>
