<?xml version="1.0" encoding="UTF-8"?>
<testsuite name="org.scoula.mapper.TimeMapperTest" tests="2" skipped="0" failures="0" errors="0" timestamp="2024-08-07T01:31:48" hostname="DESKTOP-DEJV3LS" time="0.261">
  <properties/>
  <testcase name="TimeMapper의 getTime()" classname="org.scoula.mapper.TimeMapperTest" time="0.249"/>
  <testcase name="TimeMapper의getTime2()" classname="org.scoula.mapper.TimeMapperTest" time="0.009"/>
  <system-out><![CDATA[INFO : org.springframework.test.context.support.DefaultTestContextBootstrapper - Loaded default TestExecutionListener class names from location [META-INF/spring.factories]: [org.springframework.test.context.web.ServletTestExecutionListener, org.springframework.test.context.support.DirtiesContextBeforeModesTestExecutionListener, org.springframework.test.context.event.ApplicationEventsTestExecutionListener, org.springframework.test.context.support.DependencyInjectionTestExecutionListener, org.springframework.test.context.support.DirtiesContextTestExecutionListener, org.springframework.test.context.transaction.TransactionalTestExecutionListener, org.springframework.test.context.jdbc.SqlScriptsTestExecutionListener, org.springframework.test.context.event.EventPublishingTestExecutionListener]
INFO : org.springframework.test.context.support.DefaultTestContextBootstrapper - Using TestExecutionListeners: [org.springframework.test.context.web.ServletTestExecutionListener@3542162a, org.springframework.test.context.support.DirtiesContextBeforeModesTestExecutionListener@698122b2, org.springframework.test.context.event.ApplicationEventsTestExecutionListener@4212a0c8, org.springframework.test.context.support.DependencyInjectionTestExecutionListener@1e7aa82b, org.springframework.test.context.support.DirtiesContextTestExecutionListener@3b2c0e88, org.springframework.test.context.transaction.TransactionalTestExecutionListener@5bd82fed, org.springframework.test.context.jdbc.SqlScriptsTestExecutionListener@c1bd0be, org.springframework.test.context.event.EventPublishingTestExecutionListener@476b0ae6]
INFO : com.zaxxer.hikari.HikariDataSource - HikariPool-1 - Starting...
INFO : com.zaxxer.hikari.pool.PoolBase - HikariPool-1 - Driver does not support get/set network timeout for connections. (Receiver class net.sf.log4jdbc.sql.jdbcapi.ConnectionSpy does not define or inherit an implementation of the resolved method 'abstract int getNetworkTimeout()' of interface java.sql.Connection.)
INFO : com.zaxxer.hikari.HikariDataSource - HikariPool-1 - Start completed.
INFO : org.scoula.mapper.TimeMapperTest - jdk.proxy3.$Proxy34
INFO : jdbc.sqlonly - SELECT sysdate() 

INFO : org.scoula.mapper.TimeMapperTest - 2024-08-07 10:31:48
INFO : org.scoula.mapper.TimeMapperTest - getTime2
INFO : jdbc.sqlonly - SELECT sysdate() 

INFO : org.scoula.mapper.TimeMapperTest - 2024-08-07 10:31:48
]]></system-out>
  <system-err><![CDATA[]]></system-err>
</testsuite>
