<?xml version="1.0" encoding="UTF-8"?>
<testsuite name="org.scoula.security.PasswordEncoderTest" tests="1" skipped="0" failures="0" errors="0" timestamp="2024-08-20T13:00:23" hostname="DESKTOP-DEJV3LS" time="0.362">
  <properties/>
  <testcase name="testEncode()" classname="org.scoula.security.PasswordEncoderTest" time="0.362"/>
  <system-out><![CDATA[INFO : org.springframework.test.context.support.DefaultTestContextBootstrapper - Loaded default TestExecutionListener class names from location [META-INF/spring.factories]: [org.springframework.test.context.web.ServletTestExecutionListener, org.springframework.test.context.support.DirtiesContextBeforeModesTestExecutionListener, org.springframework.test.context.event.ApplicationEventsTestExecutionListener, org.springframework.test.context.support.DependencyInjectionTestExecutionListener, org.springframework.test.context.support.DirtiesContextTestExecutionListener, org.springframework.test.context.transaction.TransactionalTestExecutionListener, org.springframework.test.context.jdbc.SqlScriptsTestExecutionListener, org.springframework.test.context.event.EventPublishingTestExecutionListener]
INFO : org.springframework.test.context.support.DefaultTestContextBootstrapper - Using TestExecutionListeners: [org.springframework.test.context.web.ServletTestExecutionListener@77a98a6a, org.springframework.test.context.support.DirtiesContextBeforeModesTestExecutionListener@78fbff54, org.springframework.test.context.event.ApplicationEventsTestExecutionListener@3e10dc6, org.springframework.test.context.support.DependencyInjectionTestExecutionListener@7e22550a, org.springframework.test.context.support.DirtiesContextTestExecutionListener@45e37a7e, org.springframework.test.context.transaction.TransactionalTestExecutionListener@62452cc9, org.springframework.test.context.jdbc.SqlScriptsTestExecutionListener@6941827a, org.springframework.test.context.event.EventPublishingTestExecutionListener@5a7005d]
INFO : com.zaxxer.hikari.HikariDataSource - HikariPool-1 - Starting...
INFO : com.zaxxer.hikari.pool.PoolBase - HikariPool-1 - Driver does not support get/set network timeout for connections. (Receiver class net.sf.log4jdbc.sql.jdbcapi.ConnectionSpy does not define or inherit an implementation of the resolved method 'abstract int getNetworkTimeout()' of interface java.sql.Connection.)
INFO : com.zaxxer.hikari.HikariDataSource - HikariPool-1 - Start completed.
INFO : org.scoula.security.config.SecurityConfig - configure............
INFO : org.springframework.security.web.DefaultSecurityFilterChain - Will secure any request with [org.springframework.security.web.session.DisableEncodeUrlFilter@71b639d0, org.springframework.security.web.context.request.async.WebAsyncManagerIntegrationFilter@18a25bbd, org.springframework.security.web.context.SecurityContextPersistenceFilter@44fff386, org.springframework.security.web.header.HeaderWriterFilter@51c8f62c, org.springframework.web.filter.CharacterEncodingFilter@5d5b9ecb, org.springframework.security.web.csrf.CsrfFilter@f1f7db2, org.springframework.security.web.authentication.logout.LogoutFilter@3c91530d, org.springframework.security.web.authentication.UsernamePasswordAuthenticationFilter@6993c8df, org.springframework.security.web.savedrequest.RequestCacheAwareFilter@7301eebe, org.springframework.security.web.servletapi.SecurityContextHolderAwareRequestFilter@436bd4df, org.springframework.security.web.authentication.AnonymousAuthenticationFilter@1ee27d73, org.springframework.security.web.session.SessionManagementFilter@11f9535b, org.springframework.security.web.access.ExceptionTranslationFilter@78a515e4, org.springframework.security.web.access.intercept.FilterSecurityInterceptor@1d6d1d42]
INFO : org.scoula.security.PasswordEncoderTest - password: $2a$10$s6QqBvnFHjt0GrvtLez7LuUpNMivfcnZJNM6s6h3SOiQFA.BwzAdG
INFO : org.scoula.security.PasswordEncoderTest - password: $2a$10$LdqfWXPIUoDHpN2GHlUBWusw.axXo2Asju3gOP4moyWAvSYk7/ob6
INFO : org.scoula.security.PasswordEncoderTest - match :true
INFO : org.scoula.security.PasswordEncoderTest - match :true
]]></system-out>
  <system-err><![CDATA[]]></system-err>
</testsuite>
