<?xml version="1.0" encoding="UTF-8"?>
<testsuite name="org.scoula.RestaurantTest" tests="1" skipped="0" failures="0" errors="0" timestamp="2024-08-05T00:48:52" hostname="DESKTOP-DEJV3LS" time="0.029">
  <properties/>
  <testcase name="getChef()" classname="org.scoula.RestaurantTest" time="0.029"/>
  <system-out><![CDATA[INFO : org.springframework.test.context.support.DefaultTestContextBootstrapper - Loaded default TestExecutionListener class names from location [META-INF/spring.factories]: [org.springframework.test.context.web.ServletTestExecutionListener, org.springframework.test.context.support.DirtiesContextBeforeModesTestExecutionListener, org.springframework.test.context.event.ApplicationEventsTestExecutionListener, org.springframework.test.context.support.DependencyInjectionTestExecutionListener, org.springframework.test.context.support.DirtiesContextTestExecutionListener, org.springframework.test.context.transaction.TransactionalTestExecutionListener, org.springframework.test.context.jdbc.SqlScriptsTestExecutionListener, org.springframework.test.context.event.EventPublishingTestExecutionListener]
INFO : org.springframework.test.context.support.DefaultTestContextBootstrapper - Using TestExecutionListeners: [org.springframework.test.context.web.ServletTestExecutionListener@6475472c, org.springframework.test.context.support.DirtiesContextBeforeModesTestExecutionListener@3f07b12c, org.springframework.test.context.event.ApplicationEventsTestExecutionListener@4bd1f8dd, org.springframework.test.context.support.DependencyInjectionTestExecutionListener@7096b474, org.springframework.test.context.support.DirtiesContextTestExecutionListener@3e14c16d, org.springframework.test.context.event.EventPublishingTestExecutionListener@3c989952]
INFO : org.scoula.RestaurantTest - Restaurant(chef=org.scoula.Chef@2c0f7678)
INFO : org.scoula.RestaurantTest - ------------------------------
INFO : org.scoula.RestaurantTest - org.scoula.Chef@2c0f7678
]]></system-out>
  <system-err><![CDATA[]]></system-err>
</testsuite>
